<?xml version="1.0" encoding="UTF-8"?>
<!-- Generated by org.testng.reporters.JUnitXMLReporter -->
<testsuite ignored="2" hostname="DESKTOP-6VO16K5" failures="1" tests="1" name="Test2" time="24.721" errors="0" timestamp="2024-03-16T01:28:34 IST">
  <testcase classname="org.screenshots.ScreenShotsFailedTest" name="testFacebook" time="15.356">
    <failure type="java.lang.AssertionError" message="The following asserts failed:
	expected [Log in Facebook] but found [Log in to Facebook],
	expected [] but found [tutorial],
	expected [1px solid rgb(240, 40, 73)] but found [1px solid rgb(221, 223, 226)]">
      <![CDATA[java.lang.AssertionError: The following asserts failed:
expected [Log in Facebook] but found [Log in to Facebook],
expected [] but found [tutorial],
expected [1px solid rgb(240, 40, 73)] but found [1px solid rgb(221, 223, 226)]
at org.screenshots.ScreenShotsFailedTest.testFacebook(ScreenShotsFailedTest.java:76)
at java.base/java.util.ArrayList.forEach(ArrayList.java:1541)
... Removed 29 stack frames]]>
    </failure>
  </testcase> <!-- testFacebook -->
  <testcase classname="org.screenshots.ScreenShotsFailedTest" name="testGoogle" time="0.0">
    <ignored/>
  </testcase> <!-- testGoogle -->
  <testcase classname="org.screenshots.ScreenShotsFailedTest" name="testOrangeHRMLogin" time="0.0">
    <ignored/>
  </testcase> <!-- testOrangeHRMLogin -->
</testsuite> <!-- Test2 -->
